2015-05-05 00:56:39.785  INFO 4376 --- [           main] kr.co.bluezine.WebApplication            : Starting WebApplication on BLUEZINE-NOTE with PID 4376 (D:\Programming\SpringProject\spring-boot-restful-webservice\build\classes\main started by Administrator in D:\Programming\SpringProject\spring-boot-restful-webservice)
2015-05-05 00:56:39.788 DEBUG 4376 --- [           main] kr.co.bluezine.WebApplication            : Running with Spring Boot v1.2.3.RELEASE, Spring v4.1.6.RELEASE
2015-05-05 00:56:39.825  INFO 4376 --- [           main] ationConfigEmbeddedWebApplicationContext : Refreshing org.springframework.boot.context.embedded.AnnotationConfigEmbeddedWebApplicationContext@1a72d833: startup date [Tue May 05 00:56:39 KST 2015]; root of context hierarchy
2015-05-05 00:56:40.830 DEBUG 4376 --- [           main] org.jboss.logging                        : Logging Provider: org.jboss.logging.Slf4jLoggerProvider
2015-05-05 00:56:40.832  INFO 4376 --- [           main] o.h.validator.internal.util.Version      : HV000001: Hibernate Validator 5.1.3.Final
2015-05-05 00:56:40.839 DEBUG 4376 --- [           main] o.h.v.i.e.r.DefaultTraversableResolver   : Cannot find javax.persistence.Persistence on classpath. Assuming non JPA 2 environment. All properties will per default be traversable.
2015-05-05 00:56:40.846 DEBUG 4376 --- [           main] o.h.v.internal.engine.ConfigurationImpl  : Setting custom MessageInterpolator of type org.springframework.validation.beanvalidation.LocaleContextMessageInterpolator
2015-05-05 00:56:40.847 DEBUG 4376 --- [           main] o.h.v.internal.engine.ConfigurationImpl  : Setting custom ConstraintValidatorFactory of type org.springframework.validation.beanvalidation.SpringConstraintValidatorFactory
2015-05-05 00:56:40.850 DEBUG 4376 --- [           main] o.h.v.internal.engine.ConfigurationImpl  : Setting custom ParameterNameProvider of type com.sun.proxy.$Proxy23
2015-05-05 00:56:40.854 DEBUG 4376 --- [           main] o.h.v.internal.xml.ValidationXmlParser   : Trying to load META-INF/validation.xml for XML based Validator configuration.
2015-05-05 00:56:40.860 DEBUG 4376 --- [           main] o.h.v.internal.xml.ValidationXmlParser   : No META-INF/validation.xml found. Using annotation based configuration only.
2015-05-05 00:56:41.389  INFO 4376 --- [           main] s.b.c.e.t.TomcatEmbeddedServletContainer : Tomcat initialized with port(s): 8080 (http)
2015-05-05 00:56:41.556  INFO 4376 --- [           main] o.apache.catalina.core.StandardService   : Starting service Tomcat
2015-05-05 00:56:41.558  INFO 4376 --- [           main] org.apache.catalina.core.StandardEngine  : Starting Servlet Engine: Apache Tomcat/8.0.20
2015-05-05 00:56:41.891  INFO 4376 --- [ost-startStop-1] o.a.c.c.C.[Tomcat].[localhost].[/]       : Initializing Spring embedded WebApplicationContext
2015-05-05 00:56:41.891  INFO 4376 --- [ost-startStop-1] o.s.web.context.ContextLoader            : Root WebApplicationContext: initialization completed in 2067 ms
2015-05-05 00:56:42.076  INFO 4376 --- [ost-startStop-1] o.s.b.c.e.ServletRegistrationBean        : Mapping servlet: 'dispatcherServlet' to [/]
2015-05-05 00:56:42.079  INFO 4376 --- [ost-startStop-1] o.s.b.c.embedded.FilterRegistrationBean  : Mapping filter: 'characterEncodingFilter' to: [/*]
2015-05-05 00:56:42.216  INFO 4376 --- [           main] s.w.s.m.m.a.RequestMappingHandlerMapping : Mapped "{[/],methods=[GET],params=[],headers=[],consumes=[],produces=[],custom=[]}" onto public java.lang.String kr.co.bluezine.WebApplication.main()
2015-05-05 00:56:42.225  INFO 4376 --- [           main] s.w.s.m.m.a.RequestMappingHandlerMapping : Mapped "{[/error],methods=[],params=[],headers=[],consumes=[],produces=[],custom=[]}" onto public org.springframework.http.ResponseEntity<java.util.Map<java.lang.String, java.lang.Object>> org.springframework.boot.autoconfigure.web.BasicErrorController.error(javax.servlet.http.HttpServletRequest)
2015-05-05 00:56:42.225  INFO 4376 --- [           main] s.w.s.m.m.a.RequestMappingHandlerMapping : Mapped "{[/error],methods=[],params=[],headers=[],consumes=[],produces=[text/html],custom=[]}" onto public org.springframework.web.servlet.ModelAndView org.springframework.boot.autoconfigure.web.BasicErrorController.errorHtml(javax.servlet.http.HttpServletRequest)
2015-05-05 00:56:42.255  INFO 4376 --- [           main] o.s.w.s.handler.SimpleUrlHandlerMapping  : Mapped URL path [/resources/**] onto handler of type [class org.springframework.web.servlet.resource.ResourceHttpRequestHandler]
2015-05-05 00:56:42.476 DEBUG 4376 --- [           main] o.h.v.i.e.r.DefaultTraversableResolver   : Cannot find javax.persistence.Persistence on classpath. Assuming non JPA 2 environment. All properties will per default be traversable.
2015-05-05 00:56:42.476 DEBUG 4376 --- [           main] o.h.v.internal.engine.ConfigurationImpl  : Setting custom MessageInterpolator of type org.springframework.validation.beanvalidation.LocaleContextMessageInterpolator
2015-05-05 00:56:42.477 DEBUG 4376 --- [           main] o.h.v.internal.engine.ConfigurationImpl  : Setting custom ConstraintValidatorFactory of type org.springframework.validation.beanvalidation.SpringConstraintValidatorFactory
2015-05-05 00:56:42.477 DEBUG 4376 --- [           main] o.h.v.internal.engine.ConfigurationImpl  : Setting custom ParameterNameProvider of type com.sun.proxy.$Proxy23
2015-05-05 00:56:42.478 DEBUG 4376 --- [           main] o.h.v.internal.xml.ValidationXmlParser   : Trying to load META-INF/validation.xml for XML based Validator configuration.
2015-05-05 00:56:42.479 DEBUG 4376 --- [           main] o.h.v.internal.xml.ValidationXmlParser   : No META-INF/validation.xml found. Using annotation based configuration only.
2015-05-05 00:56:42.496  INFO 4376 --- [           main] s.w.s.m.m.a.RequestMappingHandlerAdapter : Looking for @ControllerAdvice: org.springframework.boot.context.embedded.AnnotationConfigEmbeddedWebApplicationContext@1a72d833: startup date [Tue May 05 00:56:39 KST 2015]; root of context hierarchy
2015-05-05 00:56:42.816  INFO 4376 --- [           main] o.s.j.e.a.AnnotationMBeanExporter        : Registering beans for JMX exposure on startup
2015-05-05 00:56:42.838  INFO 4376 --- [           main] o.a.coyote.http11.Http11NioProtocol      : Initializing ProtocolHandler ["http-nio-8080"]
2015-05-05 00:56:42.846  INFO 4376 --- [           main] o.a.coyote.http11.Http11NioProtocol      : Starting ProtocolHandler ["http-nio-8080"]
2015-05-05 00:56:42.858  INFO 4376 --- [           main] o.a.tomcat.util.net.NioSelectorPool      : Using a shared selector for servlet write/read
2015-05-05 00:56:42.878  INFO 4376 --- [           main] s.b.c.e.t.TomcatEmbeddedServletContainer : Tomcat started on port(s): 8080 (http)
2015-05-05 00:56:42.880  INFO 4376 --- [           main] kr.co.bluezine.WebApplication            : Started WebApplication in 3.329 seconds (JVM running for 3.923)
2015-05-05 00:59:59.804  INFO 1872 --- [           main] kr.co.bluezine.WebApplication            : Starting WebApplication on BLUEZINE-NOTE with PID 1872 (D:\Programming\SpringProject\spring-boot-restful-webservice\build\classes\main started by Administrator in D:\Programming\SpringProject\spring-boot-restful-webservice)
2015-05-05 00:59:59.807 DEBUG 1872 --- [           main] kr.co.bluezine.WebApplication            : Running with Spring Boot v1.2.3.RELEASE, Spring v4.1.6.RELEASE
2015-05-05 00:59:59.852  INFO 1872 --- [           main] ationConfigEmbeddedWebApplicationContext : Refreshing org.springframework.boot.context.embedded.AnnotationConfigEmbeddedWebApplicationContext@7d049cbf: startup date [Tue May 05 00:59:59 KST 2015]; root of context hierarchy
2015-05-05 01:00:01.037 DEBUG 1872 --- [           main] org.jboss.logging                        : Logging Provider: org.jboss.logging.Slf4jLoggerProvider
2015-05-05 01:00:01.040  INFO 1872 --- [           main] o.h.validator.internal.util.Version      : HV000001: Hibernate Validator 5.1.3.Final
2015-05-05 01:00:01.049 DEBUG 1872 --- [           main] o.h.v.i.e.r.DefaultTraversableResolver   : Cannot find javax.persistence.Persistence on classpath. Assuming non JPA 2 environment. All properties will per default be traversable.
2015-05-05 01:00:01.061 DEBUG 1872 --- [           main] o.h.v.internal.engine.ConfigurationImpl  : Setting custom MessageInterpolator of type org.springframework.validation.beanvalidation.LocaleContextMessageInterpolator
2015-05-05 01:00:01.062 DEBUG 1872 --- [           main] o.h.v.internal.engine.ConfigurationImpl  : Setting custom ConstraintValidatorFactory of type org.springframework.validation.beanvalidation.SpringConstraintValidatorFactory
2015-05-05 01:00:01.064 DEBUG 1872 --- [           main] o.h.v.internal.engine.ConfigurationImpl  : Setting custom ParameterNameProvider of type com.sun.proxy.$Proxy23
2015-05-05 01:00:01.069 DEBUG 1872 --- [           main] o.h.v.internal.xml.ValidationXmlParser   : Trying to load META-INF/validation.xml for XML based Validator configuration.
2015-05-05 01:00:01.077 DEBUG 1872 --- [           main] o.h.v.internal.xml.ValidationXmlParser   : No META-INF/validation.xml found. Using annotation based configuration only.
2015-05-05 01:00:01.548  INFO 1872 --- [           main] s.b.c.e.t.TomcatEmbeddedServletContainer : Tomcat initialized with port(s): 8080 (http)
2015-05-05 01:00:01.724  INFO 1872 --- [           main] o.apache.catalina.core.StandardService   : Starting service Tomcat
2015-05-05 01:00:01.725  INFO 1872 --- [           main] org.apache.catalina.core.StandardEngine  : Starting Servlet Engine: Apache Tomcat/8.0.20
2015-05-05 01:00:02.029  INFO 1872 --- [ost-startStop-1] o.a.c.c.C.[Tomcat].[localhost].[/]       : Initializing Spring embedded WebApplicationContext
2015-05-05 01:00:02.030  INFO 1872 --- [ost-startStop-1] o.s.web.context.ContextLoader            : Root WebApplicationContext: initialization completed in 2178 ms
2015-05-05 01:00:02.192  INFO 1872 --- [ost-startStop-1] o.s.b.c.e.ServletRegistrationBean        : Mapping servlet: 'dispatcherServlet' to [/]
2015-05-05 01:00:02.195  INFO 1872 --- [ost-startStop-1] o.s.b.c.embedded.FilterRegistrationBean  : Mapping filter: 'characterEncodingFilter' to: [/*]
2015-05-05 01:00:02.304  INFO 1872 --- [           main] s.w.s.m.m.a.RequestMappingHandlerMapping : Mapped "{[/],methods=[GET],params=[],headers=[],consumes=[],produces=[],custom=[]}" onto public java.lang.String kr.co.bluezine.WebApplication.main()
2015-05-05 01:00:02.312  INFO 1872 --- [           main] s.w.s.m.m.a.RequestMappingHandlerMapping : Mapped "{[/error],methods=[],params=[],headers=[],consumes=[],produces=[],custom=[]}" onto public org.springframework.http.ResponseEntity<java.util.Map<java.lang.String, java.lang.Object>> org.springframework.boot.autoconfigure.web.BasicErrorController.error(javax.servlet.http.HttpServletRequest)
2015-05-05 01:00:02.312  INFO 1872 --- [           main] s.w.s.m.m.a.RequestMappingHandlerMapping : Mapped "{[/error],methods=[],params=[],headers=[],consumes=[],produces=[text/html],custom=[]}" onto public org.springframework.web.servlet.ModelAndView org.springframework.boot.autoconfigure.web.BasicErrorController.errorHtml(javax.servlet.http.HttpServletRequest)
2015-05-05 01:00:02.337  INFO 1872 --- [           main] o.s.w.s.handler.SimpleUrlHandlerMapping  : Mapped URL path [/resources/**] onto handler of type [class org.springframework.web.servlet.resource.ResourceHttpRequestHandler]
2015-05-05 01:00:02.556 DEBUG 1872 --- [           main] o.h.v.i.e.r.DefaultTraversableResolver   : Cannot find javax.persistence.Persistence on classpath. Assuming non JPA 2 environment. All properties will per default be traversable.
2015-05-05 01:00:02.556 DEBUG 1872 --- [           main] o.h.v.internal.engine.ConfigurationImpl  : Setting custom MessageInterpolator of type org.springframework.validation.beanvalidation.LocaleContextMessageInterpolator
2015-05-05 01:00:02.556 DEBUG 1872 --- [           main] o.h.v.internal.engine.ConfigurationImpl  : Setting custom ConstraintValidatorFactory of type org.springframework.validation.beanvalidation.SpringConstraintValidatorFactory
2015-05-05 01:00:02.556 DEBUG 1872 --- [           main] o.h.v.internal.engine.ConfigurationImpl  : Setting custom ParameterNameProvider of type com.sun.proxy.$Proxy23
2015-05-05 01:00:02.557 DEBUG 1872 --- [           main] o.h.v.internal.xml.ValidationXmlParser   : Trying to load META-INF/validation.xml for XML based Validator configuration.
2015-05-05 01:00:02.557 DEBUG 1872 --- [           main] o.h.v.internal.xml.ValidationXmlParser   : No META-INF/validation.xml found. Using annotation based configuration only.
2015-05-05 01:00:02.569  INFO 1872 --- [           main] s.w.s.m.m.a.RequestMappingHandlerAdapter : Looking for @ControllerAdvice: org.springframework.boot.context.embedded.AnnotationConfigEmbeddedWebApplicationContext@7d049cbf: startup date [Tue May 05 00:59:59 KST 2015]; root of context hierarchy
2015-05-05 01:00:02.803  INFO 1872 --- [           main] o.s.j.e.a.AnnotationMBeanExporter        : Registering beans for JMX exposure on startup
2015-05-05 01:00:02.827  INFO 1872 --- [           main] o.a.coyote.http11.Http11NioProtocol      : Initializing ProtocolHandler ["http-nio-8080"]
2015-05-05 01:00:02.834  INFO 1872 --- [           main] o.a.coyote.http11.Http11NioProtocol      : Starting ProtocolHandler ["http-nio-8080"]
2015-05-05 01:00:02.845  INFO 1872 --- [           main] o.a.tomcat.util.net.NioSelectorPool      : Using a shared selector for servlet write/read
2015-05-05 01:00:02.867  INFO 1872 --- [           main] s.b.c.e.t.TomcatEmbeddedServletContainer : Tomcat started on port(s): 8080 (http)
2015-05-05 01:00:02.868  INFO 1872 --- [           main] kr.co.bluezine.WebApplication            : Started WebApplication in 3.28 seconds (JVM running for 3.775)
2015-05-05 01:09:27.793  INFO 6768 --- [           main] kr.co.bluezine.WebApplication            : Starting WebApplication on BLUEZINE-NOTE with PID 6768 (D:\Programming\SpringProject\spring-boot-restful-webservice\bin started by Administrator in D:\Programming\SpringProject\spring-boot-restful-webservice)
2015-05-05 01:09:27.796 DEBUG 6768 --- [           main] kr.co.bluezine.WebApplication            : Running with Spring Boot v1.2.3.RELEASE, Spring v4.1.6.RELEASE
2015-05-05 01:09:27.832  INFO 6768 --- [           main] ationConfigEmbeddedWebApplicationContext : Refreshing org.springframework.boot.context.embedded.AnnotationConfigEmbeddedWebApplicationContext@7485fef2: startup date [Tue May 05 01:09:27 KST 2015]; root of context hierarchy
2015-05-05 01:09:28.341  WARN 6768 --- [           main] o.m.s.mapper.ClassPathMapperScanner      : No MyBatis mapper was found in '[kr.co.bluezine.mapper]' package. Please check your configuration.
2015-05-05 01:09:28.675 DEBUG 6768 --- [           main] org.jboss.logging                        : Logging Provider: org.jboss.logging.Slf4jLoggerProvider
2015-05-05 01:09:28.676  INFO 6768 --- [           main] o.h.validator.internal.util.Version      : HV000001: Hibernate Validator 5.1.3.Final
2015-05-05 01:09:28.680 DEBUG 6768 --- [           main] o.h.v.i.e.r.DefaultTraversableResolver   : Cannot find javax.persistence.Persistence on classpath. Assuming non JPA 2 environment. All properties will per default be traversable.
2015-05-05 01:09:28.686 DEBUG 6768 --- [           main] o.h.v.internal.engine.ConfigurationImpl  : Setting custom MessageInterpolator of type org.springframework.validation.beanvalidation.LocaleContextMessageInterpolator
2015-05-05 01:09:28.686 DEBUG 6768 --- [           main] o.h.v.internal.engine.ConfigurationImpl  : Setting custom ConstraintValidatorFactory of type org.springframework.validation.beanvalidation.SpringConstraintValidatorFactory
2015-05-05 01:09:28.687 DEBUG 6768 --- [           main] o.h.v.internal.engine.ConfigurationImpl  : Setting custom ParameterNameProvider of type com.sun.proxy.$Proxy24
2015-05-05 01:09:28.692 DEBUG 6768 --- [           main] o.h.v.internal.xml.ValidationXmlParser   : Trying to load META-INF/validation.xml for XML based Validator configuration.
2015-05-05 01:09:28.696 DEBUG 6768 --- [           main] o.h.v.internal.xml.ValidationXmlParser   : No META-INF/validation.xml found. Using annotation based configuration only.
2015-05-05 01:09:28.777  INFO 6768 --- [           main] trationDelegate$BeanPostProcessorChecker : Bean 'org.springframework.transaction.annotation.ProxyTransactionManagementConfiguration' of type [class org.springframework.transaction.annotation.ProxyTransactionManagementConfiguration$$EnhancerBySpringCGLIB$$476ed3be] is not eligible for getting processed by all BeanPostProcessors (for example: not eligible for auto-proxying)
2015-05-05 01:09:28.795  INFO 6768 --- [           main] trationDelegate$BeanPostProcessorChecker : Bean 'transactionAttributeSource' of type [class org.springframework.transaction.annotation.AnnotationTransactionAttributeSource] is not eligible for getting processed by all BeanPostProcessors (for example: not eligible for auto-proxying)
2015-05-05 01:09:28.802  INFO 6768 --- [           main] trationDelegate$BeanPostProcessorChecker : Bean 'transactionInterceptor' of type [class org.springframework.transaction.interceptor.TransactionInterceptor] is not eligible for getting processed by all BeanPostProcessors (for example: not eligible for auto-proxying)
2015-05-05 01:09:28.805  INFO 6768 --- [           main] trationDelegate$BeanPostProcessorChecker : Bean 'org.springframework.transaction.config.internalTransactionAdvisor' of type [class org.springframework.transaction.interceptor.BeanFactoryTransactionAttributeSourceAdvisor] is not eligible for getting processed by all BeanPostProcessors (for example: not eligible for auto-proxying)
2015-05-05 01:09:29.075  INFO 6768 --- [           main] s.b.c.e.t.TomcatEmbeddedServletContainer : Tomcat initialized with port(s): 8080 (http)
2015-05-05 01:09:29.209  INFO 6768 --- [           main] o.apache.catalina.core.StandardService   : Starting service Tomcat
2015-05-05 01:09:29.210  INFO 6768 --- [           main] org.apache.catalina.core.StandardEngine  : Starting Servlet Engine: Apache Tomcat/8.0.20
2015-05-05 01:09:29.469  INFO 6768 --- [ost-startStop-1] o.a.c.c.C.[Tomcat].[localhost].[/]       : Initializing Spring embedded WebApplicationContext
2015-05-05 01:09:29.469  INFO 6768 --- [ost-startStop-1] o.s.web.context.ContextLoader            : Root WebApplicationContext: initialization completed in 1637 ms
2015-05-05 01:09:29.656  INFO 6768 --- [ost-startStop-1] o.s.b.c.e.ServletRegistrationBean        : Mapping servlet: 'dispatcherServlet' to [/]
2015-05-05 01:09:29.659  INFO 6768 --- [ost-startStop-1] o.s.b.c.embedded.FilterRegistrationBean  : Mapping filter: 'characterEncodingFilter' to: [/*]
2015-05-05 01:09:29.708 DEBUG 6768 --- [           main] k.c.b.c.MybatisConfiguration             : ---------> Set BoneCP Data Pool
2015-05-05 01:09:29.808 DEBUG 6768 --- [           main] k.c.b.c.MybatisConfiguration             : ---------> Set SqlSessionFactory
2015-05-05 01:09:29.814 DEBUG 6768 --- [           main] org.apache.ibatis.logging.LogFactory     : Logging initialized using 'class org.apache.ibatis.logging.slf4j.Slf4jImpl' adapter.
2015-05-05 01:09:29.817 DEBUG 6768 --- [           main] o.mybatis.spring.SqlSessionFactoryBean   : Property 'configLocation' not specified, using default MyBatis Configuration
2015-05-05 01:09:29.869 DEBUG 6768 --- [           main] o.mybatis.spring.SqlSessionFactoryBean   : Property 'mapperLocations' was not specified or no matching resources found
2015-05-05 01:09:29.875 DEBUG 6768 --- [           main] k.c.b.c.MybatisConfiguration             : ---------> Set SqlSessionTemplate
2015-05-05 01:09:29.953  INFO 6768 --- [           main] s.w.s.m.m.a.RequestMappingHandlerMapping : Mapped "{[/],methods=[GET],params=[],headers=[],consumes=[],produces=[],custom=[]}" onto public java.lang.String kr.co.bluezine.WebApplication.main()
2015-05-05 01:09:29.959  INFO 6768 --- [           main] s.w.s.m.m.a.RequestMappingHandlerMapping : Mapped "{[/error],methods=[],params=[],headers=[],consumes=[],produces=[],custom=[]}" onto public org.springframework.http.ResponseEntity<java.util.Map<java.lang.String, java.lang.Object>> org.springframework.boot.autoconfigure.web.BasicErrorController.error(javax.servlet.http.HttpServletRequest)
2015-05-05 01:09:29.960  INFO 6768 --- [           main] s.w.s.m.m.a.RequestMappingHandlerMapping : Mapped "{[/error],methods=[],params=[],headers=[],consumes=[],produces=[text/html],custom=[]}" onto public org.springframework.web.servlet.ModelAndView org.springframework.boot.autoconfigure.web.BasicErrorController.errorHtml(javax.servlet.http.HttpServletRequest)
2015-05-05 01:09:29.985  INFO 6768 --- [           main] o.s.w.s.handler.SimpleUrlHandlerMapping  : Mapped URL path [/resources/**] onto handler of type [class org.springframework.web.servlet.resource.ResourceHttpRequestHandler]
2015-05-05 01:09:30.164 DEBUG 6768 --- [           main] o.h.v.i.e.r.DefaultTraversableResolver   : Cannot find javax.persistence.Persistence on classpath. Assuming non JPA 2 environment. All properties will per default be traversable.
2015-05-05 01:09:30.164 DEBUG 6768 --- [           main] o.h.v.internal.engine.ConfigurationImpl  : Setting custom MessageInterpolator of type org.springframework.validation.beanvalidation.LocaleContextMessageInterpolator
2015-05-05 01:09:30.164 DEBUG 6768 --- [           main] o.h.v.internal.engine.ConfigurationImpl  : Setting custom ConstraintValidatorFactory of type org.springframework.validation.beanvalidation.SpringConstraintValidatorFactory
2015-05-05 01:09:30.164 DEBUG 6768 --- [           main] o.h.v.internal.engine.ConfigurationImpl  : Setting custom ParameterNameProvider of type com.sun.proxy.$Proxy24
2015-05-05 01:09:30.164 DEBUG 6768 --- [           main] o.h.v.internal.xml.ValidationXmlParser   : Trying to load META-INF/validation.xml for XML based Validator configuration.
2015-05-05 01:09:30.165 DEBUG 6768 --- [           main] o.h.v.internal.xml.ValidationXmlParser   : No META-INF/validation.xml found. Using annotation based configuration only.
2015-05-05 01:09:30.174  INFO 6768 --- [           main] s.w.s.m.m.a.RequestMappingHandlerAdapter : Looking for @ControllerAdvice: org.springframework.boot.context.embedded.AnnotationConfigEmbeddedWebApplicationContext@7485fef2: startup date [Tue May 05 01:09:27 KST 2015]; root of context hierarchy
2015-05-05 01:09:30.431  INFO 6768 --- [           main] o.s.j.e.a.AnnotationMBeanExporter        : Registering beans for JMX exposure on startup
2015-05-05 01:09:30.432  INFO 6768 --- [           main] o.s.j.e.a.AnnotationMBeanExporter        : Bean with name 'dataSource' has been autodetected for JMX exposure
2015-05-05 01:09:30.435  INFO 6768 --- [           main] o.s.j.e.a.AnnotationMBeanExporter        : Located MBean 'dataSource': registering with JMX server as MBean [com.jolbox.bonecp:name=dataSource,type=BoneCPDataSource]
2015-05-05 01:09:30.456  INFO 6768 --- [           main] o.a.coyote.http11.Http11NioProtocol      : Initializing ProtocolHandler ["http-nio-8080"]
2015-05-05 01:09:30.460  INFO 6768 --- [           main] o.a.coyote.http11.Http11NioProtocol      : Starting ProtocolHandler ["http-nio-8080"]
2015-05-05 01:09:30.467  INFO 6768 --- [           main] o.a.tomcat.util.net.NioSelectorPool      : Using a shared selector for servlet write/read
2015-05-05 01:09:30.485  INFO 6768 --- [           main] s.b.c.e.t.TomcatEmbeddedServletContainer : Tomcat started on port(s): 8080 (http)
2015-05-05 01:09:30.486  INFO 6768 --- [           main] kr.co.bluezine.WebApplication            : Started WebApplication in 2.877 seconds (JVM running for 3.473)
2015-05-05 01:10:24.400  INFO 7524 --- [           main] kr.co.bluezine.WebApplication            : Starting WebApplication on BLUEZINE-NOTE with PID 7524 (D:\Programming\SpringProject\spring-boot-restful-webservice\bin started by Administrator in D:\Programming\SpringProject\spring-boot-restful-webservice)
2015-05-05 01:10:24.403 DEBUG 7524 --- [           main] kr.co.bluezine.WebApplication            : Running with Spring Boot v1.2.3.RELEASE, Spring v4.1.6.RELEASE
2015-05-05 01:10:24.442  INFO 7524 --- [           main] ationConfigEmbeddedWebApplicationContext : Refreshing org.springframework.boot.context.embedded.AnnotationConfigEmbeddedWebApplicationContext@1f0f2a1a: startup date [Tue May 05 01:10:24 KST 2015]; root of context hierarchy
2015-05-05 01:10:24.952 DEBUG 7524 --- [           main] o.m.s.mapper.ClassPathMapperScanner      : Identified candidate component class: file [D:\Programming\SpringProject\spring-boot-restful-webservice\bin\kr\co\bluezine\mapper\SugangMapper.class]
2015-05-05 01:10:24.952 DEBUG 7524 --- [           main] o.m.s.mapper.ClassPathMapperScanner      : Creating MapperFactoryBean with name 'sugangMapper' and 'kr.co.bluezine.mapper.SugangMapper' mapperInterface
2015-05-05 01:10:24.953 DEBUG 7524 --- [           main] o.m.s.mapper.ClassPathMapperScanner      : Enabling autowire by type for MapperFactoryBean with name 'sugangMapper'.
2015-05-05 01:10:25.352 DEBUG 7524 --- [           main] org.jboss.logging                        : Logging Provider: org.jboss.logging.Slf4jLoggerProvider
2015-05-05 01:10:25.353  INFO 7524 --- [           main] o.h.validator.internal.util.Version      : HV000001: Hibernate Validator 5.1.3.Final
2015-05-05 01:10:25.357 DEBUG 7524 --- [           main] o.h.v.i.e.r.DefaultTraversableResolver   : Cannot find javax.persistence.Persistence on classpath. Assuming non JPA 2 environment. All properties will per default be traversable.
2015-05-05 01:10:25.362 DEBUG 7524 --- [           main] o.h.v.internal.engine.ConfigurationImpl  : Setting custom MessageInterpolator of type org.springframework.validation.beanvalidation.LocaleContextMessageInterpolator
2015-05-05 01:10:25.362 DEBUG 7524 --- [           main] o.h.v.internal.engine.ConfigurationImpl  : Setting custom ConstraintValidatorFactory of type org.springframework.validation.beanvalidation.SpringConstraintValidatorFactory
2015-05-05 01:10:25.364 DEBUG 7524 --- [           main] o.h.v.internal.engine.ConfigurationImpl  : Setting custom ParameterNameProvider of type com.sun.proxy.$Proxy25
2015-05-05 01:10:25.367 DEBUG 7524 --- [           main] o.h.v.internal.xml.ValidationXmlParser   : Trying to load META-INF/validation.xml for XML based Validator configuration.
2015-05-05 01:10:25.370 DEBUG 7524 --- [           main] o.h.v.internal.xml.ValidationXmlParser   : No META-INF/validation.xml found. Using annotation based configuration only.
2015-05-05 01:10:25.428  INFO 7524 --- [           main] trationDelegate$BeanPostProcessorChecker : Bean 'MybatisConfiguration' of type [class kr.co.bluezine.configuration.MybatisConfiguration$$EnhancerBySpringCGLIB$$2263f33d] is not eligible for getting processed by all BeanPostProcessors (for example: not eligible for auto-proxying)
2015-05-05 01:10:25.444 DEBUG 7524 --- [           main] k.c.b.c.MybatisConfiguration             : ---------> Set BoneCP Data Pool
2015-05-05 01:10:25.504  INFO 7524 --- [           main] trationDelegate$BeanPostProcessorChecker : Bean 'dataSource' of type [class com.jolbox.bonecp.BoneCPDataSource] is not eligible for getting processed by all BeanPostProcessors (for example: not eligible for auto-proxying)
2015-05-05 01:10:25.505 DEBUG 7524 --- [           main] k.c.b.c.MybatisConfiguration             : ---------> Set SqlSessionFactory
2015-05-05 01:10:25.510 DEBUG 7524 --- [           main] org.apache.ibatis.logging.LogFactory     : Logging initialized using 'class org.apache.ibatis.logging.slf4j.Slf4jImpl' adapter.
2015-05-05 01:10:25.513 DEBUG 7524 --- [           main] o.mybatis.spring.SqlSessionFactoryBean   : Property 'configLocation' not specified, using default MyBatis Configuration
2015-05-05 01:10:25.549 DEBUG 7524 --- [           main] o.mybatis.spring.SqlSessionFactoryBean   : Property 'mapperLocations' was not specified or no matching resources found
2015-05-05 01:10:25.551  INFO 7524 --- [           main] trationDelegate$BeanPostProcessorChecker : Bean 'sqlSessionFactory' of type [class org.apache.ibatis.session.defaults.DefaultSqlSessionFactory] is not eligible for getting processed by all BeanPostProcessors (for example: not eligible for auto-proxying)
2015-05-05 01:10:25.562 DEBUG 7524 --- [           main] k.c.b.c.MybatisConfiguration             : ---------> Set SqlSessionTemplate
2015-05-05 01:10:25.569  INFO 7524 --- [           main] trationDelegate$BeanPostProcessorChecker : Bean 'sqlSessionTemplate' of type [class org.mybatis.spring.SqlSessionTemplate] is not eligible for getting processed by all BeanPostProcessors (for example: not eligible for auto-proxying)
2015-05-05 01:10:25.687  INFO 7524 --- [           main] trationDelegate$BeanPostProcessorChecker : Bean 'sugangMapper' of type [class org.mybatis.spring.mapper.MapperFactoryBean] is not eligible for getting processed by all BeanPostProcessors (for example: not eligible for auto-proxying)
2015-05-05 01:10:25.724  INFO 7524 --- [           main] trationDelegate$BeanPostProcessorChecker : Bean 'org.springframework.transaction.annotation.ProxyTransactionManagementConfiguration' of type [class org.springframework.transaction.annotation.ProxyTransactionManagementConfiguration$$EnhancerBySpringCGLIB$$19efb16a] is not eligible for getting processed by all BeanPostProcessors (for example: not eligible for auto-proxying)
2015-05-05 01:10:25.736  INFO 7524 --- [           main] trationDelegate$BeanPostProcessorChecker : Bean 'transactionAttributeSource' of type [class org.springframework.transaction.annotation.AnnotationTransactionAttributeSource] is not eligible for getting processed by all BeanPostProcessors (for example: not eligible for auto-proxying)
2015-05-05 01:10:25.742  INFO 7524 --- [           main] trationDelegate$BeanPostProcessorChecker : Bean 'transactionInterceptor' of type [class org.springframework.transaction.interceptor.TransactionInterceptor] is not eligible for getting processed by all BeanPostProcessors (for example: not eligible for auto-proxying)
2015-05-05 01:10:25.745  INFO 7524 --- [           main] trationDelegate$BeanPostProcessorChecker : Bean 'org.springframework.transaction.config.internalTransactionAdvisor' of type [class org.springframework.transaction.interceptor.BeanFactoryTransactionAttributeSourceAdvisor] is not eligible for getting processed by all BeanPostProcessors (for example: not eligible for auto-proxying)
2015-05-05 01:10:26.014  INFO 7524 --- [           main] s.b.c.e.t.TomcatEmbeddedServletContainer : Tomcat initialized with port(s): 8080 (http)
2015-05-05 01:10:26.143  INFO 7524 --- [           main] o.apache.catalina.core.StandardService   : Starting service Tomcat
2015-05-05 01:10:26.144  INFO 7524 --- [           main] org.apache.catalina.core.StandardEngine  : Starting Servlet Engine: Apache Tomcat/8.0.20
2015-05-05 01:10:26.413  INFO 7524 --- [ost-startStop-1] o.a.c.c.C.[Tomcat].[localhost].[/]       : Initializing Spring embedded WebApplicationContext
2015-05-05 01:10:26.413  INFO 7524 --- [ost-startStop-1] o.s.web.context.ContextLoader            : Root WebApplicationContext: initialization completed in 1971 ms
2015-05-05 01:10:26.570  INFO 7524 --- [ost-startStop-1] o.s.b.c.e.ServletRegistrationBean        : Mapping servlet: 'dispatcherServlet' to [/]
2015-05-05 01:10:26.573  INFO 7524 --- [ost-startStop-1] o.s.b.c.embedded.FilterRegistrationBean  : Mapping filter: 'characterEncodingFilter' to: [/*]
2015-05-05 01:10:26.699  INFO 7524 --- [           main] s.w.s.m.m.a.RequestMappingHandlerMapping : Mapped "{[/],methods=[GET],params=[],headers=[],consumes=[],produces=[],custom=[]}" onto public java.lang.String kr.co.bluezine.WebApplication.main()
2015-05-05 01:10:26.705  INFO 7524 --- [           main] s.w.s.m.m.a.RequestMappingHandlerMapping : Mapped "{[/error],methods=[],params=[],headers=[],consumes=[],produces=[],custom=[]}" onto public org.springframework.http.ResponseEntity<java.util.Map<java.lang.String, java.lang.Object>> org.springframework.boot.autoconfigure.web.BasicErrorController.error(javax.servlet.http.HttpServletRequest)
2015-05-05 01:10:26.705  INFO 7524 --- [           main] s.w.s.m.m.a.RequestMappingHandlerMapping : Mapped "{[/error],methods=[],params=[],headers=[],consumes=[],produces=[text/html],custom=[]}" onto public org.springframework.web.servlet.ModelAndView org.springframework.boot.autoconfigure.web.BasicErrorController.errorHtml(javax.servlet.http.HttpServletRequest)
2015-05-05 01:10:26.728  INFO 7524 --- [           main] o.s.w.s.handler.SimpleUrlHandlerMapping  : Mapped URL path [/resources/**] onto handler of type [class org.springframework.web.servlet.resource.ResourceHttpRequestHandler]
2015-05-05 01:10:26.893 DEBUG 7524 --- [           main] o.h.v.i.e.r.DefaultTraversableResolver   : Cannot find javax.persistence.Persistence on classpath. Assuming non JPA 2 environment. All properties will per default be traversable.
2015-05-05 01:10:26.893 DEBUG 7524 --- [           main] o.h.v.internal.engine.ConfigurationImpl  : Setting custom MessageInterpolator of type org.springframework.validation.beanvalidation.LocaleContextMessageInterpolator
2015-05-05 01:10:26.893 DEBUG 7524 --- [           main] o.h.v.internal.engine.ConfigurationImpl  : Setting custom ConstraintValidatorFactory of type org.springframework.validation.beanvalidation.SpringConstraintValidatorFactory
2015-05-05 01:10:26.893 DEBUG 7524 --- [           main] o.h.v.internal.engine.ConfigurationImpl  : Setting custom ParameterNameProvider of type com.sun.proxy.$Proxy25
2015-05-05 01:10:26.894 DEBUG 7524 --- [           main] o.h.v.internal.xml.ValidationXmlParser   : Trying to load META-INF/validation.xml for XML based Validator configuration.
2015-05-05 01:10:26.894 DEBUG 7524 --- [           main] o.h.v.internal.xml.ValidationXmlParser   : No META-INF/validation.xml found. Using annotation based configuration only.
2015-05-05 01:10:26.904  INFO 7524 --- [           main] s.w.s.m.m.a.RequestMappingHandlerAdapter : Looking for @ControllerAdvice: org.springframework.boot.context.embedded.AnnotationConfigEmbeddedWebApplicationContext@1f0f2a1a: startup date [Tue May 05 01:10:24 KST 2015]; root of context hierarchy
2015-05-05 01:10:27.183  INFO 7524 --- [           main] o.s.j.e.a.AnnotationMBeanExporter        : Registering beans for JMX exposure on startup
2015-05-05 01:10:27.185  INFO 7524 --- [           main] o.s.j.e.a.AnnotationMBeanExporter        : Bean with name 'dataSource' has been autodetected for JMX exposure
2015-05-05 01:10:27.188  INFO 7524 --- [           main] o.s.j.e.a.AnnotationMBeanExporter        : Located MBean 'dataSource': registering with JMX server as MBean [com.jolbox.bonecp:name=dataSource,type=BoneCPDataSource]
2015-05-05 01:10:27.222  INFO 7524 --- [           main] o.a.coyote.http11.Http11NioProtocol      : Initializing ProtocolHandler ["http-nio-8080"]
2015-05-05 01:10:27.230  INFO 7524 --- [           main] o.a.coyote.http11.Http11NioProtocol      : Starting ProtocolHandler ["http-nio-8080"]
2015-05-05 01:10:27.240  INFO 7524 --- [           main] o.a.tomcat.util.net.NioSelectorPool      : Using a shared selector for servlet write/read
2015-05-05 01:10:27.263  INFO 7524 --- [           main] s.b.c.e.t.TomcatEmbeddedServletContainer : Tomcat started on port(s): 8080 (http)
2015-05-05 01:10:27.265  INFO 7524 --- [           main] kr.co.bluezine.WebApplication            : Started WebApplication in 3.068 seconds (JVM running for 3.67)
2015-05-05 01:10:57.687  INFO 7864 --- [           main] kr.co.bluezine.WebApplication            : Starting WebApplication on BLUEZINE-NOTE with PID 7864 (D:\Programming\SpringProject\spring-boot-restful-webservice\bin started by Administrator in D:\Programming\SpringProject\spring-boot-restful-webservice)
2015-05-05 01:10:57.689 DEBUG 7864 --- [           main] kr.co.bluezine.WebApplication            : Running with Spring Boot v1.2.3.RELEASE, Spring v4.1.6.RELEASE
2015-05-05 01:10:57.725  INFO 7864 --- [           main] ationConfigEmbeddedWebApplicationContext : Refreshing org.springframework.boot.context.embedded.AnnotationConfigEmbeddedWebApplicationContext@4d72c9d1: startup date [Tue May 05 01:10:57 KST 2015]; root of context hierarchy
2015-05-05 01:10:58.244 DEBUG 7864 --- [           main] o.m.s.mapper.ClassPathMapperScanner      : Identified candidate component class: file [D:\Programming\SpringProject\spring-boot-restful-webservice\bin\kr\co\bluezine\mapper\SugangMapper.class]
2015-05-05 01:10:58.245 DEBUG 7864 --- [           main] o.m.s.mapper.ClassPathMapperScanner      : Creating MapperFactoryBean with name 'sugangMapper' and 'kr.co.bluezine.mapper.SugangMapper' mapperInterface
2015-05-05 01:10:58.245 DEBUG 7864 --- [           main] o.m.s.mapper.ClassPathMapperScanner      : Enabling autowire by type for MapperFactoryBean with name 'sugangMapper'.
2015-05-05 01:10:58.624 DEBUG 7864 --- [           main] org.jboss.logging                        : Logging Provider: org.jboss.logging.Slf4jLoggerProvider
2015-05-05 01:10:58.626  INFO 7864 --- [           main] o.h.validator.internal.util.Version      : HV000001: Hibernate Validator 5.1.3.Final
2015-05-05 01:10:58.629 DEBUG 7864 --- [           main] o.h.v.i.e.r.DefaultTraversableResolver   : Cannot find javax.persistence.Persistence on classpath. Assuming non JPA 2 environment. All properties will per default be traversable.
2015-05-05 01:10:58.635 DEBUG 7864 --- [           main] o.h.v.internal.engine.ConfigurationImpl  : Setting custom MessageInterpolator of type org.springframework.validation.beanvalidation.LocaleContextMessageInterpolator
2015-05-05 01:10:58.635 DEBUG 7864 --- [           main] o.h.v.internal.engine.ConfigurationImpl  : Setting custom ConstraintValidatorFactory of type org.springframework.validation.beanvalidation.SpringConstraintValidatorFactory
2015-05-05 01:10:58.637 DEBUG 7864 --- [           main] o.h.v.internal.engine.ConfigurationImpl  : Setting custom ParameterNameProvider of type com.sun.proxy.$Proxy25
2015-05-05 01:10:58.640 DEBUG 7864 --- [           main] o.h.v.internal.xml.ValidationXmlParser   : Trying to load META-INF/validation.xml for XML based Validator configuration.
2015-05-05 01:10:58.643 DEBUG 7864 --- [           main] o.h.v.internal.xml.ValidationXmlParser   : No META-INF/validation.xml found. Using annotation based configuration only.
2015-05-05 01:10:58.700  INFO 7864 --- [           main] trationDelegate$BeanPostProcessorChecker : Bean 'MybatisConfiguration' of type [class kr.co.bluezine.configuration.MybatisConfiguration$$EnhancerBySpringCGLIB$$8b693514] is not eligible for getting processed by all BeanPostProcessors (for example: not eligible for auto-proxying)
2015-05-05 01:10:58.716 DEBUG 7864 --- [           main] k.c.b.c.MybatisConfiguration             : ---------> Set BoneCP Data Pool
2015-05-05 01:10:58.772  INFO 7864 --- [           main] trationDelegate$BeanPostProcessorChecker : Bean 'dataSource' of type [class com.jolbox.bonecp.BoneCPDataSource] is not eligible for getting processed by all BeanPostProcessors (for example: not eligible for auto-proxying)
2015-05-05 01:10:58.773 DEBUG 7864 --- [           main] k.c.b.c.MybatisConfiguration             : ---------> Set SqlSessionFactory
2015-05-05 01:10:58.779 DEBUG 7864 --- [           main] org.apache.ibatis.logging.LogFactory     : Logging initialized using 'class org.apache.ibatis.logging.slf4j.Slf4jImpl' adapter.
2015-05-05 01:10:58.781 DEBUG 7864 --- [           main] o.mybatis.spring.SqlSessionFactoryBean   : Property 'configLocation' not specified, using default MyBatis Configuration
2015-05-05 01:10:58.806 DEBUG 7864 --- [           main] o.mybatis.spring.SqlSessionFactoryBean   : Property 'mapperLocations' was not specified or no matching resources found
2015-05-05 01:10:58.809  INFO 7864 --- [           main] trationDelegate$BeanPostProcessorChecker : Bean 'sqlSessionFactory' of type [class org.apache.ibatis.session.defaults.DefaultSqlSessionFactory] is not eligible for getting processed by all BeanPostProcessors (for example: not eligible for auto-proxying)
2015-05-05 01:10:58.831 DEBUG 7864 --- [           main] k.c.b.c.MybatisConfiguration             : ---------> Set SqlSessionTemplate
2015-05-05 01:10:58.838  INFO 7864 --- [           main] trationDelegate$BeanPostProcessorChecker : Bean 'sqlSessionTemplate' of type [class org.mybatis.spring.SqlSessionTemplate] is not eligible for getting processed by all BeanPostProcessors (for example: not eligible for auto-proxying)
2015-05-05 01:10:58.915  INFO 7864 --- [           main] trationDelegate$BeanPostProcessorChecker : Bean 'sugangMapper' of type [class org.mybatis.spring.mapper.MapperFactoryBean] is not eligible for getting processed by all BeanPostProcessors (for example: not eligible for auto-proxying)
2015-05-05 01:10:58.951  INFO 7864 --- [           main] trationDelegate$BeanPostProcessorChecker : Bean 'org.springframework.transaction.annotation.ProxyTransactionManagementConfiguration' of type [class org.springframework.transaction.annotation.ProxyTransactionManagementConfiguration$$EnhancerBySpringCGLIB$$82f4f341] is not eligible for getting processed by all BeanPostProcessors (for example: not eligible for auto-proxying)
2015-05-05 01:10:58.963  INFO 7864 --- [           main] trationDelegate$BeanPostProcessorChecker : Bean 'transactionAttributeSource' of type [class org.springframework.transaction.annotation.AnnotationTransactionAttributeSource] is not eligible for getting processed by all BeanPostProcessors (for example: not eligible for auto-proxying)
2015-05-05 01:10:58.969  INFO 7864 --- [           main] trationDelegate$BeanPostProcessorChecker : Bean 'transactionInterceptor' of type [class org.springframework.transaction.interceptor.TransactionInterceptor] is not eligible for getting processed by all BeanPostProcessors (for example: not eligible for auto-proxying)
2015-05-05 01:10:58.972  INFO 7864 --- [           main] trationDelegate$BeanPostProcessorChecker : Bean 'org.springframework.transaction.config.internalTransactionAdvisor' of type [class org.springframework.transaction.interceptor.BeanFactoryTransactionAttributeSourceAdvisor] is not eligible for getting processed by all BeanPostProcessors (for example: not eligible for auto-proxying)
2015-05-05 01:10:59.231  INFO 7864 --- [           main] s.b.c.e.t.TomcatEmbeddedServletContainer : Tomcat initialized with port(s): 8080 (http)
2015-05-05 01:10:59.367  INFO 7864 --- [           main] o.apache.catalina.core.StandardService   : Starting service Tomcat
2015-05-05 01:10:59.368  INFO 7864 --- [           main] org.apache.catalina.core.StandardEngine  : Starting Servlet Engine: Apache Tomcat/8.0.20
2015-05-05 01:10:59.617  INFO 7864 --- [ost-startStop-1] o.a.c.c.C.[Tomcat].[localhost].[/]       : Initializing Spring embedded WebApplicationContext
2015-05-05 01:10:59.617  INFO 7864 --- [ost-startStop-1] o.s.web.context.ContextLoader            : Root WebApplicationContext: initialization completed in 1892 ms
2015-05-05 01:10:59.772  INFO 7864 --- [ost-startStop-1] o.s.b.c.e.ServletRegistrationBean        : Mapping servlet: 'dispatcherServlet' to [/]
2015-05-05 01:10:59.775  INFO 7864 --- [ost-startStop-1] o.s.b.c.embedded.FilterRegistrationBean  : Mapping filter: 'characterEncodingFilter' to: [/*]
2015-05-05 01:10:59.899  INFO 7864 --- [           main] s.w.s.m.m.a.RequestMappingHandlerMapping : Mapped "{[/],methods=[GET],params=[],headers=[],consumes=[],produces=[],custom=[]}" onto public java.lang.String kr.co.bluezine.WebApplication.main()
2015-05-05 01:10:59.905  INFO 7864 --- [           main] s.w.s.m.m.a.RequestMappingHandlerMapping : Mapped "{[/error],methods=[],params=[],headers=[],consumes=[],produces=[],custom=[]}" onto public org.springframework.http.ResponseEntity<java.util.Map<java.lang.String, java.lang.Object>> org.springframework.boot.autoconfigure.web.BasicErrorController.error(javax.servlet.http.HttpServletRequest)
2015-05-05 01:10:59.906  INFO 7864 --- [           main] s.w.s.m.m.a.RequestMappingHandlerMapping : Mapped "{[/error],methods=[],params=[],headers=[],consumes=[],produces=[text/html],custom=[]}" onto public org.springframework.web.servlet.ModelAndView org.springframework.boot.autoconfigure.web.BasicErrorController.errorHtml(javax.servlet.http.HttpServletRequest)
2015-05-05 01:10:59.930  INFO 7864 --- [           main] o.s.w.s.handler.SimpleUrlHandlerMapping  : Mapped URL path [/resources/**] onto handler of type [class org.springframework.web.servlet.resource.ResourceHttpRequestHandler]
2015-05-05 01:11:00.096 DEBUG 7864 --- [           main] o.h.v.i.e.r.DefaultTraversableResolver   : Cannot find javax.persistence.Persistence on classpath. Assuming non JPA 2 environment. All properties will per default be traversable.
2015-05-05 01:11:00.096 DEBUG 7864 --- [           main] o.h.v.internal.engine.ConfigurationImpl  : Setting custom MessageInterpolator of type org.springframework.validation.beanvalidation.LocaleContextMessageInterpolator
2015-05-05 01:11:00.097 DEBUG 7864 --- [           main] o.h.v.internal.engine.ConfigurationImpl  : Setting custom ConstraintValidatorFactory of type org.springframework.validation.beanvalidation.SpringConstraintValidatorFactory
2015-05-05 01:11:00.097 DEBUG 7864 --- [           main] o.h.v.internal.engine.ConfigurationImpl  : Setting custom ParameterNameProvider of type com.sun.proxy.$Proxy25
2015-05-05 01:11:00.097 DEBUG 7864 --- [           main] o.h.v.internal.xml.ValidationXmlParser   : Trying to load META-INF/validation.xml for XML based Validator configuration.
2015-05-05 01:11:00.097 DEBUG 7864 --- [           main] o.h.v.internal.xml.ValidationXmlParser   : No META-INF/validation.xml found. Using annotation based configuration only.
2015-05-05 01:11:00.107  INFO 7864 --- [           main] s.w.s.m.m.a.RequestMappingHandlerAdapter : Looking for @ControllerAdvice: org.springframework.boot.context.embedded.AnnotationConfigEmbeddedWebApplicationContext@4d72c9d1: startup date [Tue May 05 01:10:57 KST 2015]; root of context hierarchy
2015-05-05 01:11:00.421  INFO 7864 --- [           main] o.s.j.e.a.AnnotationMBeanExporter        : Registering beans for JMX exposure on startup
2015-05-05 01:11:00.423  INFO 7864 --- [           main] o.s.j.e.a.AnnotationMBeanExporter        : Bean with name 'dataSource' has been autodetected for JMX exposure
2015-05-05 01:11:00.426  INFO 7864 --- [           main] o.s.j.e.a.AnnotationMBeanExporter        : Located MBean 'dataSource': registering with JMX server as MBean [com.jolbox.bonecp:name=dataSource,type=BoneCPDataSource]
2015-05-05 01:11:00.458  INFO 7864 --- [           main] o.a.coyote.http11.Http11NioProtocol      : Initializing ProtocolHandler ["http-nio-8080"]
2015-05-05 01:11:00.466  INFO 7864 --- [           main] o.a.coyote.http11.Http11NioProtocol      : Starting ProtocolHandler ["http-nio-8080"]
2015-05-05 01:11:00.474  INFO 7864 --- [           main] o.a.tomcat.util.net.NioSelectorPool      : Using a shared selector for servlet write/read
2015-05-05 01:11:00.497  INFO 7864 --- [           main] s.b.c.e.t.TomcatEmbeddedServletContainer : Tomcat started on port(s): 8080 (http)
2015-05-05 01:11:00.498  INFO 7864 --- [           main] kr.co.bluezine.WebApplication            : Started WebApplication in 3.022 seconds (JVM running for 3.583)
2015-05-05 01:12:27.126  INFO 1040 --- [           main] kr.co.bluezine.WebApplication            : Starting WebApplication on BLUEZINE-NOTE with PID 1040 (D:\Programming\SpringProject\spring-boot-restful-webservice\bin started by Administrator in D:\Programming\SpringProject\spring-boot-restful-webservice)
2015-05-05 01:12:27.128 DEBUG 1040 --- [           main] kr.co.bluezine.WebApplication            : Running with Spring Boot v1.2.3.RELEASE, Spring v4.1.6.RELEASE
2015-05-05 01:12:27.158  INFO 1040 --- [           main] ationConfigEmbeddedWebApplicationContext : Refreshing org.springframework.boot.context.embedded.AnnotationConfigEmbeddedWebApplicationContext@1522be2: startup date [Tue May 05 01:12:27 KST 2015]; root of context hierarchy
2015-05-05 01:12:27.693 DEBUG 1040 --- [           main] o.m.s.mapper.ClassPathMapperScanner      : Identified candidate component class: file [D:\Programming\SpringProject\spring-boot-restful-webservice\bin\kr\co\bluezine\mapper\SugangMapper.class]
2015-05-05 01:12:27.693 DEBUG 1040 --- [           main] o.m.s.mapper.ClassPathMapperScanner      : Creating MapperFactoryBean with name 'sugangMapper' and 'kr.co.bluezine.mapper.SugangMapper' mapperInterface
2015-05-05 01:12:27.694 DEBUG 1040 --- [           main] o.m.s.mapper.ClassPathMapperScanner      : Enabling autowire by type for MapperFactoryBean with name 'sugangMapper'.
2015-05-05 01:12:28.018 DEBUG 1040 --- [           main] org.jboss.logging                        : Logging Provider: org.jboss.logging.Slf4jLoggerProvider
2015-05-05 01:12:28.019  INFO 1040 --- [           main] o.h.validator.internal.util.Version      : HV000001: Hibernate Validator 5.1.3.Final
2015-05-05 01:12:28.023 DEBUG 1040 --- [           main] o.h.v.i.e.r.DefaultTraversableResolver   : Cannot find javax.persistence.Persistence on classpath. Assuming non JPA 2 environment. All properties will per default be traversable.
2015-05-05 01:12:28.028 DEBUG 1040 --- [           main] o.h.v.internal.engine.ConfigurationImpl  : Setting custom MessageInterpolator of type org.springframework.validation.beanvalidation.LocaleContextMessageInterpolator
2015-05-05 01:12:28.028 DEBUG 1040 --- [           main] o.h.v.internal.engine.ConfigurationImpl  : Setting custom ConstraintValidatorFactory of type org.springframework.validation.beanvalidation.SpringConstraintValidatorFactory
2015-05-05 01:12:28.029 DEBUG 1040 --- [           main] o.h.v.internal.engine.ConfigurationImpl  : Setting custom ParameterNameProvider of type com.sun.proxy.$Proxy25
2015-05-05 01:12:28.033 DEBUG 1040 --- [           main] o.h.v.internal.xml.ValidationXmlParser   : Trying to load META-INF/validation.xml for XML based Validator configuration.
2015-05-05 01:12:28.036 DEBUG 1040 --- [           main] o.h.v.internal.xml.ValidationXmlParser   : No META-INF/validation.xml found. Using annotation based configuration only.
2015-05-05 01:12:28.093  INFO 1040 --- [           main] trationDelegate$BeanPostProcessorChecker : Bean 'MybatisConfiguration' of type [class kr.co.bluezine.configuration.MybatisConfiguration$$EnhancerBySpringCGLIB$$f1414e65] is not eligible for getting processed by all BeanPostProcessors (for example: not eligible for auto-proxying)
2015-05-05 01:12:28.108 DEBUG 1040 --- [           main] k.c.b.c.MybatisConfiguration             : ---------> Set BoneCP Data Pool
2015-05-05 01:12:28.162  INFO 1040 --- [           main] trationDelegate$BeanPostProcessorChecker : Bean 'dataSource' of type [class com.jolbox.bonecp.BoneCPDataSource] is not eligible for getting processed by all BeanPostProcessors (for example: not eligible for auto-proxying)
2015-05-05 01:12:28.163 DEBUG 1040 --- [           main] k.c.b.c.MybatisConfiguration             : ---------> Set SqlSessionFactory
2015-05-05 01:12:28.168 DEBUG 1040 --- [           main] org.apache.ibatis.logging.LogFactory     : Logging initialized using 'class org.apache.ibatis.logging.slf4j.Slf4jImpl' adapter.
2015-05-05 01:12:28.170 DEBUG 1040 --- [           main] o.mybatis.spring.SqlSessionFactoryBean   : Property 'configLocation' not specified, using default MyBatis Configuration
2015-05-05 01:12:28.195 DEBUG 1040 --- [           main] o.mybatis.spring.SqlSessionFactoryBean   : Property 'mapperLocations' was not specified or no matching resources found
2015-05-05 01:12:28.197  INFO 1040 --- [           main] trationDelegate$BeanPostProcessorChecker : Bean 'sqlSessionFactory' of type [class org.apache.ibatis.session.defaults.DefaultSqlSessionFactory] is not eligible for getting processed by all BeanPostProcessors (for example: not eligible for auto-proxying)
2015-05-05 01:12:28.220 DEBUG 1040 --- [           main] k.c.b.c.MybatisConfiguration             : ---------> Set SqlSessionTemplate
2015-05-05 01:12:28.228  INFO 1040 --- [           main] trationDelegate$BeanPostProcessorChecker : Bean 'sqlSessionTemplate' of type [class org.mybatis.spring.SqlSessionTemplate] is not eligible for getting processed by all BeanPostProcessors (for example: not eligible for auto-proxying)
2015-05-05 01:12:28.306  INFO 1040 --- [           main] trationDelegate$BeanPostProcessorChecker : Bean 'sugangMapper' of type [class org.mybatis.spring.mapper.MapperFactoryBean] is not eligible for getting processed by all BeanPostProcessors (for example: not eligible for auto-proxying)
2015-05-05 01:12:28.343  INFO 1040 --- [           main] trationDelegate$BeanPostProcessorChecker : Bean 'org.springframework.transaction.annotation.ProxyTransactionManagementConfiguration' of type [class org.springframework.transaction.annotation.ProxyTransactionManagementConfiguration$$EnhancerBySpringCGLIB$$e8cd0c92] is not eligible for getting processed by all BeanPostProcessors (for example: not eligible for auto-proxying)
2015-05-05 01:12:28.357  INFO 1040 --- [           main] trationDelegate$BeanPostProcessorChecker : Bean 'transactionAttributeSource' of type [class org.springframework.transaction.annotation.AnnotationTransactionAttributeSource] is not eligible for getting processed by all BeanPostProcessors (for example: not eligible for auto-proxying)
2015-05-05 01:12:28.363  INFO 1040 --- [           main] trationDelegate$BeanPostProcessorChecker : Bean 'transactionInterceptor' of type [class org.springframework.transaction.interceptor.TransactionInterceptor] is not eligible for getting processed by all BeanPostProcessors (for example: not eligible for auto-proxying)
2015-05-05 01:12:28.367  INFO 1040 --- [           main] trationDelegate$BeanPostProcessorChecker : Bean 'org.springframework.transaction.config.internalTransactionAdvisor' of type [class org.springframework.transaction.interceptor.BeanFactoryTransactionAttributeSourceAdvisor] is not eligible for getting processed by all BeanPostProcessors (for example: not eligible for auto-proxying)
2015-05-05 01:12:28.628  INFO 1040 --- [           main] s.b.c.e.t.TomcatEmbeddedServletContainer : Tomcat initialized with port(s): 8080 (http)
2015-05-05 01:12:28.770  INFO 1040 --- [           main] o.apache.catalina.core.StandardService   : Starting service Tomcat
2015-05-05 01:12:28.771  INFO 1040 --- [           main] org.apache.catalina.core.StandardEngine  : Starting Servlet Engine: Apache Tomcat/8.0.20
2015-05-05 01:12:29.041  INFO 1040 --- [ost-startStop-1] o.a.c.c.C.[Tomcat].[localhost].[/]       : Initializing Spring embedded WebApplicationContext
2015-05-05 01:12:29.042  INFO 1040 --- [ost-startStop-1] o.s.web.context.ContextLoader            : Root WebApplicationContext: initialization completed in 1884 ms
2015-05-05 01:12:29.205  INFO 1040 --- [ost-startStop-1] o.s.b.c.e.ServletRegistrationBean        : Mapping servlet: 'dispatcherServlet' to [/]
2015-05-05 01:12:29.208  INFO 1040 --- [ost-startStop-1] o.s.b.c.embedded.FilterRegistrationBean  : Mapping filter: 'characterEncodingFilter' to: [/*]
2015-05-05 01:12:29.343  INFO 1040 --- [           main] s.w.s.m.m.a.RequestMappingHandlerMapping : Mapped "{[/],methods=[GET],params=[],headers=[],consumes=[],produces=[],custom=[]}" onto public java.lang.String kr.co.bluezine.WebApplication.main()
2015-05-05 01:12:29.349  INFO 1040 --- [           main] s.w.s.m.m.a.RequestMappingHandlerMapping : Mapped "{[/error],methods=[],params=[],headers=[],consumes=[],produces=[],custom=[]}" onto public org.springframework.http.ResponseEntity<java.util.Map<java.lang.String, java.lang.Object>> org.springframework.boot.autoconfigure.web.BasicErrorController.error(javax.servlet.http.HttpServletRequest)
2015-05-05 01:12:29.350  INFO 1040 --- [           main] s.w.s.m.m.a.RequestMappingHandlerMapping : Mapped "{[/error],methods=[],params=[],headers=[],consumes=[],produces=[text/html],custom=[]}" onto public org.springframework.web.servlet.ModelAndView org.springframework.boot.autoconfigure.web.BasicErrorController.errorHtml(javax.servlet.http.HttpServletRequest)
2015-05-05 01:12:29.381  INFO 1040 --- [           main] o.s.w.s.handler.SimpleUrlHandlerMapping  : Mapped URL path [/resources/**] onto handler of type [class org.springframework.web.servlet.resource.ResourceHttpRequestHandler]
2015-05-05 01:12:29.559 DEBUG 1040 --- [           main] o.h.v.i.e.r.DefaultTraversableResolver   : Cannot find javax.persistence.Persistence on classpath. Assuming non JPA 2 environment. All properties will per default be traversable.
2015-05-05 01:12:29.560 DEBUG 1040 --- [           main] o.h.v.internal.engine.ConfigurationImpl  : Setting custom MessageInterpolator of type org.springframework.validation.beanvalidation.LocaleContextMessageInterpolator
2015-05-05 01:12:29.560 DEBUG 1040 --- [           main] o.h.v.internal.engine.ConfigurationImpl  : Setting custom ConstraintValidatorFactory of type org.springframework.validation.beanvalidation.SpringConstraintValidatorFactory
2015-05-05 01:12:29.560 DEBUG 1040 --- [           main] o.h.v.internal.engine.ConfigurationImpl  : Setting custom ParameterNameProvider of type com.sun.proxy.$Proxy25
2015-05-05 01:12:29.560 DEBUG 1040 --- [           main] o.h.v.internal.xml.ValidationXmlParser   : Trying to load META-INF/validation.xml for XML based Validator configuration.
2015-05-05 01:12:29.561 DEBUG 1040 --- [           main] o.h.v.internal.xml.ValidationXmlParser   : No META-INF/validation.xml found. Using annotation based configuration only.
2015-05-05 01:12:29.571  INFO 1040 --- [           main] s.w.s.m.m.a.RequestMappingHandlerAdapter : Looking for @ControllerAdvice: org.springframework.boot.context.embedded.AnnotationConfigEmbeddedWebApplicationContext@1522be2: startup date [Tue May 05 01:12:27 KST 2015]; root of context hierarchy
2015-05-05 01:12:29.851  INFO 1040 --- [           main] o.s.j.e.a.AnnotationMBeanExporter        : Registering beans for JMX exposure on startup
2015-05-05 01:12:29.853  INFO 1040 --- [           main] o.s.j.e.a.AnnotationMBeanExporter        : Bean with name 'dataSource' has been autodetected for JMX exposure
2015-05-05 01:12:29.856  INFO 1040 --- [           main] o.s.j.e.a.AnnotationMBeanExporter        : Located MBean 'dataSource': registering with JMX server as MBean [com.jolbox.bonecp:name=dataSource,type=BoneCPDataSource]
2015-05-05 01:12:29.884  INFO 1040 --- [           main] o.a.coyote.http11.Http11NioProtocol      : Initializing ProtocolHandler ["http-nio-8080"]
2015-05-05 01:12:29.888  INFO 1040 --- [           main] o.a.coyote.http11.Http11NioProtocol      : Starting ProtocolHandler ["http-nio-8080"]
2015-05-05 01:12:29.895  INFO 1040 --- [           main] o.a.tomcat.util.net.NioSelectorPool      : Using a shared selector for servlet write/read
2015-05-05 01:12:29.915  INFO 1040 --- [           main] s.b.c.e.t.TomcatEmbeddedServletContainer : Tomcat started on port(s): 8080 (http)
2015-05-05 01:12:29.916  INFO 1040 --- [           main] kr.co.bluezine.WebApplication            : Started WebApplication in 2.979 seconds (JVM running for 3.547)
2015-05-05 01:12:37.077  INFO 1040 --- [nio-8080-exec-1] o.a.c.c.C.[Tomcat].[localhost].[/]       : Initializing Spring FrameworkServlet 'dispatcherServlet'
2015-05-05 01:12:37.078  INFO 1040 --- [nio-8080-exec-1] o.s.web.servlet.DispatcherServlet        : FrameworkServlet 'dispatcherServlet': initialization started
2015-05-05 01:12:37.097  INFO 1040 --- [nio-8080-exec-1] o.s.web.servlet.DispatcherServlet        : FrameworkServlet 'dispatcherServlet': initialization completed in 19 ms
2015-05-05 01:12:37.136 DEBUG 1040 --- [nio-8080-exec-1] org.mybatis.spring.SqlSessionUtils       : Creating a new SqlSession
2015-05-05 01:12:37.144 DEBUG 1040 --- [nio-8080-exec-1] org.mybatis.spring.SqlSessionUtils       : SqlSession [org.apache.ibatis.session.defaults.DefaultSqlSession@3f3b94c] was not registered for synchronization because synchronization is not active
2015-05-05 01:12:37.181 DEBUG 1040 --- [nio-8080-exec-1] com.jolbox.bonecp.BoneCPDataSource       : JDBC URL = jdbc:oracle:thin:@localhost:1521:ORCL, Username = sugang, partitions = 1, max (per partition) = 10, min (per partition) = 0, idle max age = 60 min, idle test period = 240 min, strategy = DEFAULT
2015-05-05 01:12:37.793 DEBUG 1040 --- [nio-8080-exec-1] o.m.s.t.SpringManagedTransaction         : JDBC Connection [ConnectionHandle{url=jdbc:oracle:thin:@localhost:1521:ORCL, user=sugang, debugHandle=null, lastResetAgoInSec=0, lastUsedAgoInSec=0, creationTimeAgoInSec=0}] will not be managed by Spring
2015-05-05 01:12:37.797 DEBUG 1040 --- [nio-8080-exec-1] k.c.b.mapper.SugangMapper.deptList       : ==>  Preparing: { CALL COURSELIST.GETDEPTLIST( ? ) } 
2015-05-05 01:12:37.932 DEBUG 1040 --- [nio-8080-exec-1] k.c.b.mapper.SugangMapper.deptList       : ==> Parameters: 
2015-05-05 01:12:38.213 DEBUG 1040 --- [nio-8080-exec-1] org.mybatis.spring.SqlSessionUtils       : Closing non transactional SqlSession [org.apache.ibatis.session.defaults.DefaultSqlSession@3f3b94c]
2015-05-05 01:12:38.214 DEBUG 1040 --- [nio-8080-exec-1] kr.co.bluezine.WebApplication            : [{DEPTCODE=E001, DEPTNAME=}, {DEPTCODE=E002, DEPTNAME=}, {DEPTCODE=G001, DEPTNAME=}]
2015-05-05 01:15:59.049  INFO 8212 --- [           main] kr.co.bluezine.WebApplication            : Starting WebApplication on BLUEZINE-NOTE with PID 8212 (D:\Programming\SpringProject\spring-boot-restful-webservice\bin started by Administrator in D:\Programming\SpringProject\spring-boot-restful-webservice)
2015-05-05 01:15:59.052 DEBUG 8212 --- [           main] kr.co.bluezine.WebApplication            : Running with Spring Boot v1.2.3.RELEASE, Spring v4.1.6.RELEASE
2015-05-05 01:15:59.099  INFO 8212 --- [           main] ationConfigEmbeddedWebApplicationContext : Refreshing org.springframework.boot.context.embedded.AnnotationConfigEmbeddedWebApplicationContext@74d7c2c7: startup date [Tue May 05 01:15:59 KST 2015]; root of context hierarchy
2015-05-05 01:15:59.627 DEBUG 8212 --- [           main] o.m.s.mapper.ClassPathMapperScanner      : Identified candidate component class: file [D:\Programming\SpringProject\spring-boot-restful-webservice\bin\kr\co\bluezine\mapper\SugangMapper.class]
2015-05-05 01:15:59.627 DEBUG 8212 --- [           main] o.m.s.mapper.ClassPathMapperScanner      : Creating MapperFactoryBean with name 'sugangMapper' and 'kr.co.bluezine.mapper.SugangMapper' mapperInterface
2015-05-05 01:15:59.628 DEBUG 8212 --- [           main] o.m.s.mapper.ClassPathMapperScanner      : Enabling autowire by type for MapperFactoryBean with name 'sugangMapper'.
2015-05-05 01:15:59.968 DEBUG 8212 --- [           main] org.jboss.logging                        : Logging Provider: org.jboss.logging.Slf4jLoggerProvider
2015-05-05 01:15:59.970  INFO 8212 --- [           main] o.h.validator.internal.util.Version      : HV000001: Hibernate Validator 5.1.3.Final
2015-05-05 01:15:59.974 DEBUG 8212 --- [           main] o.h.v.i.e.r.DefaultTraversableResolver   : Cannot find javax.persistence.Persistence on classpath. Assuming non JPA 2 environment. All properties will per default be traversable.
2015-05-05 01:15:59.980 DEBUG 8212 --- [           main] o.h.v.internal.engine.ConfigurationImpl  : Setting custom MessageInterpolator of type org.springframework.validation.beanvalidation.LocaleContextMessageInterpolator
2015-05-05 01:15:59.980 DEBUG 8212 --- [           main] o.h.v.internal.engine.ConfigurationImpl  : Setting custom ConstraintValidatorFactory of type org.springframework.validation.beanvalidation.SpringConstraintValidatorFactory
2015-05-05 01:15:59.981 DEBUG 8212 --- [           main] o.h.v.internal.engine.ConfigurationImpl  : Setting custom ParameterNameProvider of type com.sun.proxy.$Proxy25
2015-05-05 01:15:59.985 DEBUG 8212 --- [           main] o.h.v.internal.xml.ValidationXmlParser   : Trying to load META-INF/validation.xml for XML based Validator configuration.
2015-05-05 01:15:59.988 DEBUG 8212 --- [           main] o.h.v.internal.xml.ValidationXmlParser   : No META-INF/validation.xml found. Using annotation based configuration only.
2015-05-05 01:16:00.044  INFO 8212 --- [           main] trationDelegate$BeanPostProcessorChecker : Bean 'MybatisConfiguration' of type [class kr.co.bluezine.configuration.MybatisConfiguration$$EnhancerBySpringCGLIB$$4a9db58] is not eligible for getting processed by all BeanPostProcessors (for example: not eligible for auto-proxying)
2015-05-05 01:16:00.061 DEBUG 8212 --- [           main] k.c.b.c.MybatisConfiguration             : ---------> Set BoneCP Data Pool
2015-05-05 01:16:00.123  INFO 8212 --- [           main] trationDelegate$BeanPostProcessorChecker : Bean 'dataSource' of type [class com.jolbox.bonecp.BoneCPDataSource] is not eligible for getting processed by all BeanPostProcessors (for example: not eligible for auto-proxying)
2015-05-05 01:16:00.124 DEBUG 8212 --- [           main] k.c.b.c.MybatisConfiguration             : ---------> Set SqlSessionFactory
2015-05-05 01:16:00.131 DEBUG 8212 --- [           main] org.apache.ibatis.logging.LogFactory     : Logging initialized using 'class org.apache.ibatis.logging.slf4j.Slf4jImpl' adapter.
2015-05-05 01:16:00.134 DEBUG 8212 --- [           main] o.mybatis.spring.SqlSessionFactoryBean   : Property 'configLocation' not specified, using default MyBatis Configuration
2015-05-05 01:16:00.176 DEBUG 8212 --- [           main] o.mybatis.spring.SqlSessionFactoryBean   : Property 'mapperLocations' was not specified or no matching resources found
2015-05-05 01:16:00.179  INFO 8212 --- [           main] trationDelegate$BeanPostProcessorChecker : Bean 'sqlSessionFactory' of type [class org.apache.ibatis.session.defaults.DefaultSqlSessionFactory] is not eligible for getting processed by all BeanPostProcessors (for example: not eligible for auto-proxying)
2015-05-05 01:16:00.196 DEBUG 8212 --- [           main] k.c.b.c.MybatisConfiguration             : ---------> Set SqlSessionTemplate
2015-05-05 01:16:00.203  INFO 8212 --- [           main] trationDelegate$BeanPostProcessorChecker : Bean 'sqlSessionTemplate' of type [class org.mybatis.spring.SqlSessionTemplate] is not eligible for getting processed by all BeanPostProcessors (for example: not eligible for auto-proxying)
2015-05-05 01:16:00.294  INFO 8212 --- [           main] trationDelegate$BeanPostProcessorChecker : Bean 'sugangMapper' of type [class org.mybatis.spring.mapper.MapperFactoryBean] is not eligible for getting processed by all BeanPostProcessors (for example: not eligible for auto-proxying)
2015-05-05 01:16:00.340  INFO 8212 --- [           main] trationDelegate$BeanPostProcessorChecker : Bean 'org.springframework.transaction.annotation.ProxyTransactionManagementConfiguration' of type [class org.springframework.transaction.annotation.ProxyTransactionManagementConfiguration$$EnhancerBySpringCGLIB$$fc359985] is not eligible for getting processed by all BeanPostProcessors (for example: not eligible for auto-proxying)
2015-05-05 01:16:00.358  INFO 8212 --- [           main] trationDelegate$BeanPostProcessorChecker : Bean 'transactionAttributeSource' of type [class org.springframework.transaction.annotation.AnnotationTransactionAttributeSource] is not eligible for getting processed by all BeanPostProcessors (for example: not eligible for auto-proxying)
2015-05-05 01:16:00.368  INFO 8212 --- [           main] trationDelegate$BeanPostProcessorChecker : Bean 'transactionInterceptor' of type [class org.springframework.transaction.interceptor.TransactionInterceptor] is not eligible for getting processed by all BeanPostProcessors (for example: not eligible for auto-proxying)
2015-05-05 01:16:00.371  INFO 8212 --- [           main] trationDelegate$BeanPostProcessorChecker : Bean 'org.springframework.transaction.config.internalTransactionAdvisor' of type [class org.springframework.transaction.interceptor.BeanFactoryTransactionAttributeSourceAdvisor] is not eligible for getting processed by all BeanPostProcessors (for example: not eligible for auto-proxying)
2015-05-05 01:16:00.637  INFO 8212 --- [           main] s.b.c.e.t.TomcatEmbeddedServletContainer : Tomcat initialized with port(s): 8080 (http)
2015-05-05 01:16:00.767  INFO 8212 --- [           main] o.apache.catalina.core.StandardService   : Starting service Tomcat
2015-05-05 01:16:00.768  INFO 8212 --- [           main] org.apache.catalina.core.StandardEngine  : Starting Servlet Engine: Apache Tomcat/8.0.20
2015-05-05 01:16:01.126  INFO 8212 --- [ost-startStop-1] o.a.c.c.C.[Tomcat].[localhost].[/]       : Initializing Spring embedded WebApplicationContext
2015-05-05 01:16:01.127  INFO 8212 --- [ost-startStop-1] o.s.web.context.ContextLoader            : Root WebApplicationContext: initialization completed in 2028 ms
2015-05-05 01:16:01.310  INFO 8212 --- [ost-startStop-1] o.s.b.c.e.ServletRegistrationBean        : Mapping servlet: 'dispatcherServlet' to [/]
2015-05-05 01:16:01.313  INFO 8212 --- [ost-startStop-1] o.s.b.c.embedded.FilterRegistrationBean  : Mapping filter: 'characterEncodingFilter' to: [/*]
2015-05-05 01:16:01.519  INFO 8212 --- [           main] s.w.s.m.m.a.RequestMappingHandlerMapping : Mapped "{[/],methods=[GET],params=[],headers=[],consumes=[],produces=[],custom=[]}" onto public org.springframework.web.servlet.ModelAndView kr.co.bluezine.WebApplication.main()
2015-05-05 01:16:01.529  INFO 8212 --- [           main] s.w.s.m.m.a.RequestMappingHandlerMapping : Mapped "{[/error],methods=[],params=[],headers=[],consumes=[],produces=[],custom=[]}" onto public org.springframework.http.ResponseEntity<java.util.Map<java.lang.String, java.lang.Object>> org.springframework.boot.autoconfigure.web.BasicErrorController.error(javax.servlet.http.HttpServletRequest)
2015-05-05 01:16:01.532  INFO 8212 --- [           main] s.w.s.m.m.a.RequestMappingHandlerMapping : Mapped "{[/error],methods=[],params=[],headers=[],consumes=[],produces=[text/html],custom=[]}" onto public org.springframework.web.servlet.ModelAndView org.springframework.boot.autoconfigure.web.BasicErrorController.errorHtml(javax.servlet.http.HttpServletRequest)
2015-05-05 01:16:01.572  INFO 8212 --- [           main] o.s.w.s.handler.SimpleUrlHandlerMapping  : Mapped URL path [/resources/**] onto handler of type [class org.springframework.web.servlet.resource.ResourceHttpRequestHandler]
2015-05-05 01:16:01.791 DEBUG 8212 --- [           main] o.h.v.i.e.r.DefaultTraversableResolver   : Cannot find javax.persistence.Persistence on classpath. Assuming non JPA 2 environment. All properties will per default be traversable.
2015-05-05 01:16:01.792 DEBUG 8212 --- [           main] o.h.v.internal.engine.ConfigurationImpl  : Setting custom MessageInterpolator of type org.springframework.validation.beanvalidation.LocaleContextMessageInterpolator
2015-05-05 01:16:01.792 DEBUG 8212 --- [           main] o.h.v.internal.engine.ConfigurationImpl  : Setting custom ConstraintValidatorFactory of type org.springframework.validation.beanvalidation.SpringConstraintValidatorFactory
2015-05-05 01:16:01.792 DEBUG 8212 --- [           main] o.h.v.internal.engine.ConfigurationImpl  : Setting custom ParameterNameProvider of type com.sun.proxy.$Proxy25
2015-05-05 01:16:01.792 DEBUG 8212 --- [           main] o.h.v.internal.xml.ValidationXmlParser   : Trying to load META-INF/validation.xml for XML based Validator configuration.
2015-05-05 01:16:01.793 DEBUG 8212 --- [           main] o.h.v.internal.xml.ValidationXmlParser   : No META-INF/validation.xml found. Using annotation based configuration only.
2015-05-05 01:16:01.803  INFO 8212 --- [           main] s.w.s.m.m.a.RequestMappingHandlerAdapter : Looking for @ControllerAdvice: org.springframework.boot.context.embedded.AnnotationConfigEmbeddedWebApplicationContext@74d7c2c7: startup date [Tue May 05 01:15:59 KST 2015]; root of context hierarchy
2015-05-05 01:16:02.119  INFO 8212 --- [           main] o.s.j.e.a.AnnotationMBeanExporter        : Registering beans for JMX exposure on startup
2015-05-05 01:16:02.120  INFO 8212 --- [           main] o.s.j.e.a.AnnotationMBeanExporter        : Bean with name 'dataSource' has been autodetected for JMX exposure
2015-05-05 01:16:02.124  INFO 8212 --- [           main] o.s.j.e.a.AnnotationMBeanExporter        : Located MBean 'dataSource': registering with JMX server as MBean [com.jolbox.bonecp:name=dataSource,type=BoneCPDataSource]
2015-05-05 01:16:02.165  INFO 8212 --- [           main] o.a.coyote.http11.Http11NioProtocol      : Initializing ProtocolHandler ["http-nio-8080"]
2015-05-05 01:16:02.170  INFO 8212 --- [           main] o.a.coyote.http11.Http11NioProtocol      : Starting ProtocolHandler ["http-nio-8080"]
2015-05-05 01:16:02.181  INFO 8212 --- [           main] o.a.tomcat.util.net.NioSelectorPool      : Using a shared selector for servlet write/read
2015-05-05 01:16:02.207  INFO 8212 --- [           main] s.b.c.e.t.TomcatEmbeddedServletContainer : Tomcat started on port(s): 8080 (http)
2015-05-05 01:16:02.209  INFO 8212 --- [           main] kr.co.bluezine.WebApplication            : Started WebApplication in 3.362 seconds (JVM running for 3.97)
2015-05-05 01:16:06.292  INFO 8212 --- [nio-8080-exec-1] o.a.c.c.C.[Tomcat].[localhost].[/]       : Initializing Spring FrameworkServlet 'dispatcherServlet'
2015-05-05 01:16:06.293  INFO 8212 --- [nio-8080-exec-1] o.s.web.servlet.DispatcherServlet        : FrameworkServlet 'dispatcherServlet': initialization started
2015-05-05 01:16:06.322  INFO 8212 --- [nio-8080-exec-1] o.s.web.servlet.DispatcherServlet        : FrameworkServlet 'dispatcherServlet': initialization completed in 28 ms
2015-05-05 01:16:06.356 DEBUG 8212 --- [nio-8080-exec-1] org.mybatis.spring.SqlSessionUtils       : Creating a new SqlSession
2015-05-05 01:16:06.359 DEBUG 8212 --- [nio-8080-exec-1] org.mybatis.spring.SqlSessionUtils       : SqlSession [org.apache.ibatis.session.defaults.DefaultSqlSession@19940834] was not registered for synchronization because synchronization is not active
2015-05-05 01:16:06.389 DEBUG 8212 --- [nio-8080-exec-1] com.jolbox.bonecp.BoneCPDataSource       : JDBC URL = jdbc:oracle:thin:@localhost:1521:ORCL, Username = sugang, partitions = 1, max (per partition) = 10, min (per partition) = 0, idle max age = 60 min, idle test period = 240 min, strategy = DEFAULT
2015-05-05 01:16:06.670 DEBUG 8212 --- [nio-8080-exec-1] o.m.s.t.SpringManagedTransaction         : JDBC Connection [ConnectionHandle{url=jdbc:oracle:thin:@localhost:1521:ORCL, user=sugang, debugHandle=null, lastResetAgoInSec=0, lastUsedAgoInSec=0, creationTimeAgoInSec=0}] will not be managed by Spring
2015-05-05 01:16:06.674 DEBUG 8212 --- [nio-8080-exec-1] k.c.b.mapper.SugangMapper.deptList       : ==>  Preparing: { CALL COURSELIST.GETDEPTLIST( ? ) } 
2015-05-05 01:16:06.785 DEBUG 8212 --- [nio-8080-exec-1] k.c.b.mapper.SugangMapper.deptList       : ==> Parameters: 
2015-05-05 01:16:06.820 DEBUG 8212 --- [nio-8080-exec-1] org.mybatis.spring.SqlSessionUtils       : Closing non transactional SqlSession [org.apache.ibatis.session.defaults.DefaultSqlSession@19940834]
2015-05-05 01:16:43.469 DEBUG 8212 --- [nio-8080-exec-3] org.mybatis.spring.SqlSessionUtils       : Creating a new SqlSession
2015-05-05 01:16:43.469 DEBUG 8212 --- [nio-8080-exec-3] org.mybatis.spring.SqlSessionUtils       : SqlSession [org.apache.ibatis.session.defaults.DefaultSqlSession@68394e81] was not registered for synchronization because synchronization is not active
2015-05-05 01:16:43.469 DEBUG 8212 --- [nio-8080-exec-3] o.m.s.t.SpringManagedTransaction         : JDBC Connection [ConnectionHandle{url=jdbc:oracle:thin:@localhost:1521:ORCL, user=sugang, debugHandle=null, lastResetAgoInSec=36, lastUsedAgoInSec=36, creationTimeAgoInSec=36}] will not be managed by Spring
2015-05-05 01:16:43.469 DEBUG 8212 --- [nio-8080-exec-3] k.c.b.mapper.SugangMapper.deptList       : ==>  Preparing: { CALL COURSELIST.GETDEPTLIST( ? ) } 
2015-05-05 01:16:43.470 DEBUG 8212 --- [nio-8080-exec-3] k.c.b.mapper.SugangMapper.deptList       : ==> Parameters: 
2015-05-05 01:16:43.472 DEBUG 8212 --- [nio-8080-exec-3] org.mybatis.spring.SqlSessionUtils       : Closing non transactional SqlSession [org.apache.ibatis.session.defaults.DefaultSqlSession@68394e81]
